<?xml version="1.0" encoding="UTF-8"?>
<!-- Generated by org.testng.reporters.JUnitReportReporter -->
<testsuite skipped="1" hostname="DESKTOP-SMSP22P" name="Senderside.TC01_Homepage" tests="2" failures="0" timestamp="03 Sep 2019 18:32:28 GMT" time="0.099" errors="1">
  <testcase name="verifyHomePage" time="0.000" classname="Senderside.TC01_Homepage">
    <skipped/>
  </testcase> <!-- verifyHomePage -->
  <testcase name="launch" time="0.099" classname="Senderside.TC01_Homepage">
    <error type="java.lang.NoClassDefFoundError" message="org/apache/http/ssl/TrustStrategy">
      <![CDATA[java.lang.NoClassDefFoundError: org/apache/http/ssl/TrustStrategy
at io.github.bonigarcia.wdm.WebDriverManager.manage(WebDriverManager.java:485)
at io.github.bonigarcia.wdm.WebDriverManager.setup(WebDriverManager.java:260)
at com.adp.generics.Baseclass.config(Baseclass.java:96)
at com.adp.generics.Baseclass.launch(Baseclass.java:37)
at sun.reflect.NativeMethodAccessorImpl.invoke0(Native Method)
at sun.reflect.NativeMethodAccessorImpl.invoke(Unknown Source)
at sun.reflect.DelegatingMethodAccessorImpl.invoke(Unknown Source)
at java.lang.reflect.Method.invoke(Unknown Source)
at org.testng.internal.MethodInvocationHelper.invokeMethod(MethodInvocationHelper.java:124)
at org.testng.internal.MethodInvocationHelper.invokeMethodConsideringTimeout(MethodInvocationHelper.java:59)
at org.testng.internal.Invoker.invokeConfigurationMethod(Invoker.java:458)
at org.testng.internal.Invoker.invokeConfigurations(Invoker.java:222)
at org.testng.internal.Invoker.invokeConfigurations(Invoker.java:142)
at org.testng.SuiteRunner.privateRun(SuiteRunner.java:401)
at org.testng.SuiteRunner.run(SuiteRunner.java:364)
at org.testng.SuiteRunnerWorker.runSuite(SuiteRunnerWorker.java:52)
at org.testng.SuiteRunnerWorker.run(SuiteRunnerWorker.java:84)
at org.testng.TestNG.runSuitesSequentially(TestNG.java:1208)
at org.testng.TestNG.runSuitesLocally(TestNG.java:1137)
at org.testng.TestNG.runSuites(TestNG.java:1049)
at org.testng.TestNG.run(TestNG.java:1017)
at org.testng.remote.AbstractRemoteTestNG.run(AbstractRemoteTestNG.java:115)
at org.testng.remote.RemoteTestNG.initAndRun(RemoteTestNG.java:251)
at org.testng.remote.RemoteTestNG.main(RemoteTestNG.java:77)
Caused by: java.lang.ClassNotFoundException: org.apache.http.ssl.TrustStrategy
at java.net.URLClassLoader.findClass(Unknown Source)
at java.lang.ClassLoader.loadClass(Unknown Source)
at sun.misc.Launcher$AppClassLoader.loadClass(Unknown Source)
at java.lang.ClassLoader.loadClass(Unknown Source)
... 24 more
]]>
    </error>
  </testcase> <!-- launch -->
</testsuite> <!-- Senderside.TC01_Homepage -->
